[2020-06-22 10:42:50] production.ERROR: Call to a member function connection() on null {"exception":"[object] (Symfony\\Component\\Debug\\Exception\\FatalThrowableError(code: 0): Call to a member function connection() on null at C:\\xampp\\htdocs\\cslisted\\vendor\\laravel\\framework\\src\\Illuminate\\Database\\Eloquent\\Model.php:1253)
[stacktrace]
#0 C:\\xampp\\htdocs\\cslisted\\vendor\\laravel\\framework\\src\\Illuminate\\Database\\Eloquent\\Model.php(1219): Illuminate\\Database\\Eloquent\\Model::resolveConnection(NULL)
#1 C:\\xampp\\htdocs\\cslisted\\vendor\\laravel\\framework\\src\\Illuminate\\Database\\Eloquent\\Model.php(1051): Illuminate\\Database\\Eloquent\\Model->getConnection()
#2 C:\\xampp\\htdocs\\cslisted\\vendor\\laravel\\framework\\src\\Illuminate\\Database\\Eloquent\\Model.php(968): Illuminate\\Database\\Eloquent\\Model->newBaseQueryBuilder()
#3 C:\\xampp\\htdocs\\cslisted\\vendor\\laravel\\framework\\src\\Illuminate\\Database\\Eloquent\\Model.php(1004): Illuminate\\Database\\Eloquent\\Model->newModelQuery()
#4 C:\\xampp\\htdocs\\cslisted\\vendor\\laravel\\framework\\src\\Illuminate\\Database\\Eloquent\\Model.php(957): Illuminate\\Database\\Eloquent\\Model->newQueryWithoutScopes()
#5 C:\\xampp\\htdocs\\cslisted\\vendor\\laravel\\framework\\src\\Illuminate\\Database\\Eloquent\\Model.php(947): Illuminate\\Database\\Eloquent\\Model->newQuery()
#6 C:\\xampp\\htdocs\\cslisted\\vendor\\laravel\\framework\\src\\Illuminate\\Database\\Eloquent\\Model.php(461): Illuminate\\Database\\Eloquent\\Model::query()
#7 C:\\xampp\\htdocs\\cslisted\\config\\seotools.php(18): Illuminate\\Database\\Eloquent\\Model::all()
#8 C:\\xampp\\htdocs\\cslisted\\vendor\\laravel\\framework\\src\\Illuminate\\Foundation\\Bootstrap\\LoadConfiguration.php(72): require('C:\\\\xampp\\\\htdocs...')
#9 C:\\xampp\\htdocs\\cslisted\\vendor\\laravel\\framework\\src\\Illuminate\\Foundation\\Bootstrap\\LoadConfiguration.php(39): Illuminate\\Foundation\\Bootstrap\\LoadConfiguration->loadConfigurationFiles(Object(Illuminate\\Foundation\\Application), Object(Illuminate\\Config\\Repository))
#10 C:\\xampp\\htdocs\\cslisted\\vendor\\laravel\\framework\\src\\Illuminate\\Foundation\\Application.php(210): Illuminate\\Foundation\\Bootstrap\\LoadConfiguration->bootstrap(Object(Illuminate\\Foundation\\Application))
#11 C:\\xampp\\htdocs\\cslisted\\vendor\\laravel\\framework\\src\\Illuminate\\Foundation\\Console\\Kernel.php(322): Illuminate\\Foundation\\Application->bootstrapWith(Array)
#12 C:\\xampp\\htdocs\\cslisted\\vendor\\laravel\\framework\\src\\Illuminate\\Foundation\\Console\\Kernel.php(131): Illuminate\\Foundation\\Console\\Kernel->bootstrap()
#13 C:\\xampp\\htdocs\\cslisted\\artisan(37): Illuminate\\Foundation\\Console\\Kernel->handle(Object(Symfony\\Component\\Console\\Input\\ArgvInput), Object(Symfony\\Component\\Console\\Output\\ConsoleOutput))
#14 {main}
"} 
[2020-06-22 10:43:20] production.ERROR: Call to a member function connection() on null {"exception":"[object] (Symfony\\Component\\Debug\\Exception\\FatalThrowableError(code: 0): Call to a member function connection() on null at C:\\xampp\\htdocs\\cslisted\\vendor\\laravel\\framework\\src\\Illuminate\\Database\\Eloquent\\Model.php:1253)
[stacktrace]
#0 C:\\xampp\\htdocs\\cslisted\\vendor\\laravel\\framework\\src\\Illuminate\\Database\\Eloquent\\Model.php(1219): Illuminate\\Database\\Eloquent\\Model::resolveConnection(NULL)
#1 C:\\xampp\\htdocs\\cslisted\\vendor\\laravel\\framework\\src\\Illuminate\\Database\\Eloquent\\Model.php(1051): Illuminate\\Database\\Eloquent\\Model->getConnection()
#2 C:\\xampp\\htdocs\\cslisted\\vendor\\laravel\\framework\\src\\Illuminate\\Database\\Eloquent\\Model.php(968): Illuminate\\Database\\Eloquent\\Model->newBaseQueryBuilder()
#3 C:\\xampp\\htdocs\\cslisted\\vendor\\laravel\\framework\\src\\Illuminate\\Database\\Eloquent\\Model.php(1004): Illuminate\\Database\\Eloquent\\Model->newModelQuery()
#4 C:\\xampp\\htdocs\\cslisted\\vendor\\laravel\\framework\\src\\Illuminate\\Database\\Eloquent\\Model.php(957): Illuminate\\Database\\Eloquent\\Model->newQueryWithoutScopes()
#5 C:\\xampp\\htdocs\\cslisted\\vendor\\laravel\\framework\\src\\Illuminate\\Database\\Eloquent\\Model.php(947): Illuminate\\Database\\Eloquent\\Model->newQuery()
#6 C:\\xampp\\htdocs\\cslisted\\vendor\\laravel\\framework\\src\\Illuminate\\Database\\Eloquent\\Model.php(461): Illuminate\\Database\\Eloquent\\Model::query()
#7 C:\\xampp\\htdocs\\cslisted\\config\\seotools.php(18): Illuminate\\Database\\Eloquent\\Model::all()
#8 C:\\xampp\\htdocs\\cslisted\\vendor\\laravel\\framework\\src\\Illuminate\\Foundation\\Bootstrap\\LoadConfiguration.php(72): require('C:\\\\xampp\\\\htdocs...')
#9 C:\\xampp\\htdocs\\cslisted\\vendor\\laravel\\framework\\src\\Illuminate\\Foundation\\Bootstrap\\LoadConfiguration.php(39): Illuminate\\Foundation\\Bootstrap\\LoadConfiguration->loadConfigurationFiles(Object(Illuminate\\Foundation\\Application), Object(Illuminate\\Config\\Repository))
#10 C:\\xampp\\htdocs\\cslisted\\vendor\\laravel\\framework\\src\\Illuminate\\Foundation\\Application.php(210): Illuminate\\Foundation\\Bootstrap\\LoadConfiguration->bootstrap(Object(Illuminate\\Foundation\\Application))
#11 C:\\xampp\\htdocs\\cslisted\\vendor\\laravel\\framework\\src\\Illuminate\\Foundation\\Console\\Kernel.php(322): Illuminate\\Foundation\\Application->bootstrapWith(Array)
#12 C:\\xampp\\htdocs\\cslisted\\vendor\\laravel\\framework\\src\\Illuminate\\Foundation\\Console\\Kernel.php(131): Illuminate\\Foundation\\Console\\Kernel->bootstrap()
#13 C:\\xampp\\htdocs\\cslisted\\artisan(37): Illuminate\\Foundation\\Console\\Kernel->handle(Object(Symfony\\Component\\Console\\Input\\ArgvInput), Object(Symfony\\Component\\Console\\Output\\ConsoleOutput))
#14 {main}
"} 
[2020-06-22 10:43:45] production.ERROR: Call to a member function connection() on null {"exception":"[object] (Symfony\\Component\\Debug\\Exception\\FatalThrowableError(code: 0): Call to a member function connection() on null at C:\\xampp\\htdocs\\cslisted\\vendor\\laravel\\framework\\src\\Illuminate\\Database\\Eloquent\\Model.php:1253)
[stacktrace]
#0 C:\\xampp\\htdocs\\cslisted\\vendor\\laravel\\framework\\src\\Illuminate\\Database\\Eloquent\\Model.php(1219): Illuminate\\Database\\Eloquent\\Model::resolveConnection(NULL)
#1 C:\\xampp\\htdocs\\cslisted\\vendor\\laravel\\framework\\src\\Illuminate\\Database\\Eloquent\\Model.php(1051): Illuminate\\Database\\Eloquent\\Model->getConnection()
#2 C:\\xampp\\htdocs\\cslisted\\vendor\\laravel\\framework\\src\\Illuminate\\Database\\Eloquent\\Model.php(968): Illuminate\\Database\\Eloquent\\Model->newBaseQueryBuilder()
#3 C:\\xampp\\htdocs\\cslisted\\vendor\\laravel\\framework\\src\\Illuminate\\Database\\Eloquent\\Model.php(1004): Illuminate\\Database\\Eloquent\\Model->newModelQuery()
#4 C:\\xampp\\htdocs\\cslisted\\vendor\\laravel\\framework\\src\\Illuminate\\Database\\Eloquent\\Model.php(957): Illuminate\\Database\\Eloquent\\Model->newQueryWithoutScopes()
#5 C:\\xampp\\htdocs\\cslisted\\vendor\\laravel\\framework\\src\\Illuminate\\Database\\Eloquent\\Model.php(947): Illuminate\\Database\\Eloquent\\Model->newQuery()
#6 C:\\xampp\\htdocs\\cslisted\\vendor\\laravel\\framework\\src\\Illuminate\\Database\\Eloquent\\Model.php(461): Illuminate\\Database\\Eloquent\\Model::query()
#7 C:\\xampp\\htdocs\\cslisted\\config\\seotools.php(18): Illuminate\\Database\\Eloquent\\Model::all()
#8 C:\\xampp\\htdocs\\cslisted\\vendor\\laravel\\framework\\src\\Illuminate\\Foundation\\Bootstrap\\LoadConfiguration.php(72): require('C:\\\\xampp\\\\htdocs...')
#9 C:\\xampp\\htdocs\\cslisted\\vendor\\laravel\\framework\\src\\Illuminate\\Foundation\\Bootstrap\\LoadConfiguration.php(39): Illuminate\\Foundation\\Bootstrap\\LoadConfiguration->loadConfigurationFiles(Object(Illuminate\\Foundation\\Application), Object(Illuminate\\Config\\Repository))
#10 C:\\xampp\\htdocs\\cslisted\\vendor\\laravel\\framework\\src\\Illuminate\\Foundation\\Application.php(210): Illuminate\\Foundation\\Bootstrap\\LoadConfiguration->bootstrap(Object(Illuminate\\Foundation\\Application))
#11 C:\\xampp\\htdocs\\cslisted\\vendor\\laravel\\framework\\src\\Illuminate\\Foundation\\Console\\Kernel.php(322): Illuminate\\Foundation\\Application->bootstrapWith(Array)
#12 C:\\xampp\\htdocs\\cslisted\\vendor\\laravel\\framework\\src\\Illuminate\\Foundation\\Console\\Kernel.php(131): Illuminate\\Foundation\\Console\\Kernel->bootstrap()
#13 C:\\xampp\\htdocs\\cslisted\\artisan(37): Illuminate\\Foundation\\Console\\Kernel->handle(Object(Symfony\\Component\\Console\\Input\\ArgvInput), Object(Symfony\\Component\\Console\\Output\\ConsoleOutput))
#14 {main}
"} 
[2020-06-22 10:44:14] production.ERROR: Call to a member function connection() on null {"exception":"[object] (Symfony\\Component\\Debug\\Exception\\FatalThrowableError(code: 0): Call to a member function connection() on null at C:\\xampp\\htdocs\\cslisted\\vendor\\laravel\\framework\\src\\Illuminate\\Database\\Eloquent\\Model.php:1253)
[stacktrace]
#0 C:\\xampp\\htdocs\\cslisted\\vendor\\laravel\\framework\\src\\Illuminate\\Database\\Eloquent\\Model.php(1219): Illuminate\\Database\\Eloquent\\Model::resolveConnection(NULL)
#1 C:\\xampp\\htdocs\\cslisted\\vendor\\laravel\\framework\\src\\Illuminate\\Database\\Eloquent\\Model.php(1051): Illuminate\\Database\\Eloquent\\Model->getConnection()
#2 C:\\xampp\\htdocs\\cslisted\\vendor\\laravel\\framework\\src\\Illuminate\\Database\\Eloquent\\Model.php(968): Illuminate\\Database\\Eloquent\\Model->newBaseQueryBuilder()
#3 C:\\xampp\\htdocs\\cslisted\\vendor\\laravel\\framework\\src\\Illuminate\\Database\\Eloquent\\Model.php(1004): Illuminate\\Database\\Eloquent\\Model->newModelQuery()
#4 C:\\xampp\\htdocs\\cslisted\\vendor\\laravel\\framework\\src\\Illuminate\\Database\\Eloquent\\Model.php(957): Illuminate\\Database\\Eloquent\\Model->newQueryWithoutScopes()
#5 C:\\xampp\\htdocs\\cslisted\\vendor\\laravel\\framework\\src\\Illuminate\\Database\\Eloquent\\Model.php(947): Illuminate\\Database\\Eloquent\\Model->newQuery()
#6 C:\\xampp\\htdocs\\cslisted\\vendor\\laravel\\framework\\src\\Illuminate\\Database\\Eloquent\\Model.php(461): Illuminate\\Database\\Eloquent\\Model::query()
#7 C:\\xampp\\htdocs\\cslisted\\config\\seotools.php(18): Illuminate\\Database\\Eloquent\\Model::all()
#8 C:\\xampp\\htdocs\\cslisted\\vendor\\laravel\\framework\\src\\Illuminate\\Foundation\\Bootstrap\\LoadConfiguration.php(72): require('C:\\\\xampp\\\\htdocs...')
#9 C:\\xampp\\htdocs\\cslisted\\vendor\\laravel\\framework\\src\\Illuminate\\Foundation\\Bootstrap\\LoadConfiguration.php(39): Illuminate\\Foundation\\Bootstrap\\LoadConfiguration->loadConfigurationFiles(Object(Illuminate\\Foundation\\Application), Object(Illuminate\\Config\\Repository))
#10 C:\\xampp\\htdocs\\cslisted\\vendor\\laravel\\framework\\src\\Illuminate\\Foundation\\Application.php(210): Illuminate\\Foundation\\Bootstrap\\LoadConfiguration->bootstrap(Object(Illuminate\\Foundation\\Application))
#11 C:\\xampp\\htdocs\\cslisted\\vendor\\laravel\\framework\\src\\Illuminate\\Foundation\\Console\\Kernel.php(322): Illuminate\\Foundation\\Application->bootstrapWith(Array)
#12 C:\\xampp\\htdocs\\cslisted\\vendor\\laravel\\framework\\src\\Illuminate\\Foundation\\Console\\Kernel.php(131): Illuminate\\Foundation\\Console\\Kernel->bootstrap()
#13 C:\\xampp\\htdocs\\cslisted\\artisan(37): Illuminate\\Foundation\\Console\\Kernel->handle(Object(Symfony\\Component\\Console\\Input\\ArgvInput), Object(Symfony\\Component\\Console\\Output\\ConsoleOutput))
#14 {main}
"} 
[2020-06-22 10:50:30] production.ERROR: Call to a member function connection() on null {"exception":"[object] (Symfony\\Component\\Debug\\Exception\\FatalThrowableError(code: 0): Call to a member function connection() on null at C:\\xampp\\htdocs\\cslisted\\vendor\\laravel\\framework\\src\\Illuminate\\Database\\Eloquent\\Model.php:1253)
[stacktrace]
#0 C:\\xampp\\htdocs\\cslisted\\vendor\\laravel\\framework\\src\\Illuminate\\Database\\Eloquent\\Model.php(1219): Illuminate\\Database\\Eloquent\\Model::resolveConnection(NULL)
#1 C:\\xampp\\htdocs\\cslisted\\vendor\\laravel\\framework\\src\\Illuminate\\Database\\Eloquent\\Model.php(1051): Illuminate\\Database\\Eloquent\\Model->getConnection()
#2 C:\\xampp\\htdocs\\cslisted\\vendor\\laravel\\framework\\src\\Illuminate\\Database\\Eloquent\\Model.php(968): Illuminate\\Database\\Eloquent\\Model->newBaseQueryBuilder()
#3 C:\\xampp\\htdocs\\cslisted\\vendor\\laravel\\framework\\src\\Illuminate\\Database\\Eloquent\\Model.php(1004): Illuminate\\Database\\Eloquent\\Model->newModelQuery()
#4 C:\\xampp\\htdocs\\cslisted\\vendor\\laravel\\framework\\src\\Illuminate\\Database\\Eloquent\\Model.php(957): Illuminate\\Database\\Eloquent\\Model->newQueryWithoutScopes()
#5 C:\\xampp\\htdocs\\cslisted\\vendor\\laravel\\framework\\src\\Illuminate\\Database\\Eloquent\\Model.php(947): Illuminate\\Database\\Eloquent\\Model->newQuery()
#6 C:\\xampp\\htdocs\\cslisted\\vendor\\laravel\\framework\\src\\Illuminate\\Database\\Eloquent\\Model.php(461): Illuminate\\Database\\Eloquent\\Model::query()
#7 C:\\xampp\\htdocs\\cslisted\\config\\seotools.php(18): Illuminate\\Database\\Eloquent\\Model::all()
#8 C:\\xampp\\htdocs\\cslisted\\vendor\\laravel\\framework\\src\\Illuminate\\Foundation\\Bootstrap\\LoadConfiguration.php(72): require('C:\\\\xampp\\\\htdocs...')
#9 C:\\xampp\\htdocs\\cslisted\\vendor\\laravel\\framework\\src\\Illuminate\\Foundation\\Bootstrap\\LoadConfiguration.php(39): Illuminate\\Foundation\\Bootstrap\\LoadConfiguration->loadConfigurationFiles(Object(Illuminate\\Foundation\\Application), Object(Illuminate\\Config\\Repository))
#10 C:\\xampp\\htdocs\\cslisted\\vendor\\laravel\\framework\\src\\Illuminate\\Foundation\\Application.php(210): Illuminate\\Foundation\\Bootstrap\\LoadConfiguration->bootstrap(Object(Illuminate\\Foundation\\Application))
#11 C:\\xampp\\htdocs\\cslisted\\vendor\\laravel\\framework\\src\\Illuminate\\Foundation\\Console\\Kernel.php(322): Illuminate\\Foundation\\Application->bootstrapWith(Array)
#12 C:\\xampp\\htdocs\\cslisted\\vendor\\laravel\\framework\\src\\Illuminate\\Foundation\\Console\\Kernel.php(131): Illuminate\\Foundation\\Console\\Kernel->bootstrap()
#13 C:\\xampp\\htdocs\\cslisted\\artisan(37): Illuminate\\Foundation\\Console\\Kernel->handle(Object(Symfony\\Component\\Console\\Input\\ArgvInput), Object(Symfony\\Component\\Console\\Output\\ConsoleOutput))
#14 {main}
"} 
[2020-06-22 10:52:34] production.ERROR: Call to a member function connection() on null {"exception":"[object] (Symfony\\Component\\Debug\\Exception\\FatalThrowableError(code: 0): Call to a member function connection() on null at C:\\xampp\\htdocs\\cslisted\\vendor\\laravel\\framework\\src\\Illuminate\\Database\\Eloquent\\Model.php:1253)
[stacktrace]
#0 C:\\xampp\\htdocs\\cslisted\\vendor\\laravel\\framework\\src\\Illuminate\\Database\\Eloquent\\Model.php(1219): Illuminate\\Database\\Eloquent\\Model::resolveConnection(NULL)
#1 C:\\xampp\\htdocs\\cslisted\\vendor\\laravel\\framework\\src\\Illuminate\\Database\\Eloquent\\Model.php(1051): Illuminate\\Database\\Eloquent\\Model->getConnection()
#2 C:\\xampp\\htdocs\\cslisted\\vendor\\laravel\\framework\\src\\Illuminate\\Database\\Eloquent\\Model.php(968): Illuminate\\Database\\Eloquent\\Model->newBaseQueryBuilder()
#3 C:\\xampp\\htdocs\\cslisted\\vendor\\laravel\\framework\\src\\Illuminate\\Database\\Eloquent\\Model.php(1004): Illuminate\\Database\\Eloquent\\Model->newModelQuery()
#4 C:\\xampp\\htdocs\\cslisted\\vendor\\laravel\\framework\\src\\Illuminate\\Database\\Eloquent\\Model.php(957): Illuminate\\Database\\Eloquent\\Model->newQueryWithoutScopes()
#5 C:\\xampp\\htdocs\\cslisted\\vendor\\laravel\\framework\\src\\Illuminate\\Database\\Eloquent\\Model.php(947): Illuminate\\Database\\Eloquent\\Model->newQuery()
#6 C:\\xampp\\htdocs\\cslisted\\vendor\\laravel\\framework\\src\\Illuminate\\Database\\Eloquent\\Model.php(461): Illuminate\\Database\\Eloquent\\Model::query()
#7 C:\\xampp\\htdocs\\cslisted\\config\\seotools.php(18): Illuminate\\Database\\Eloquent\\Model::all()
#8 C:\\xampp\\htdocs\\cslisted\\vendor\\laravel\\framework\\src\\Illuminate\\Foundation\\Bootstrap\\LoadConfiguration.php(72): require('C:\\\\xampp\\\\htdocs...')
#9 C:\\xampp\\htdocs\\cslisted\\vendor\\laravel\\framework\\src\\Illuminate\\Foundation\\Bootstrap\\LoadConfiguration.php(39): Illuminate\\Foundation\\Bootstrap\\LoadConfiguration->loadConfigurationFiles(Object(Illuminate\\Foundation\\Application), Object(Illuminate\\Config\\Repository))
#10 C:\\xampp\\htdocs\\cslisted\\vendor\\laravel\\framework\\src\\Illuminate\\Foundation\\Application.php(210): Illuminate\\Foundation\\Bootstrap\\LoadConfiguration->bootstrap(Object(Illuminate\\Foundation\\Application))
#11 C:\\xampp\\htdocs\\cslisted\\vendor\\laravel\\framework\\src\\Illuminate\\Foundation\\Console\\Kernel.php(322): Illuminate\\Foundation\\Application->bootstrapWith(Array)
#12 C:\\xampp\\htdocs\\cslisted\\vendor\\laravel\\framework\\src\\Illuminate\\Foundation\\Console\\Kernel.php(131): Illuminate\\Foundation\\Console\\Kernel->bootstrap()
#13 C:\\xampp\\htdocs\\cslisted\\artisan(37): Illuminate\\Foundation\\Console\\Kernel->handle(Object(Symfony\\Component\\Console\\Input\\ArgvInput), Object(Symfony\\Component\\Console\\Output\\ConsoleOutput))
#14 {main}
"} 
